#
# There is insufficient memory for the Java Runtime Environment to continue.
# Native memory allocation (malloc) failed to allocate 32744 bytes for ChunkPool::allocate
# Possible reasons:
#   The system is out of physical RAM or swap space
#   The process is running with CompressedOops enabled, and the Java Heap may be blocking the growth of the native heap
# Possible solutions:
#   Reduce memory load on the system
#   Increase physical memory or swap space
#   Check if swap backing store is full
#   Decrease Java heap size (-Xmx/-Xms)
#   Decrease number of Java threads
#   Decrease Java thread stack sizes (-Xss)
#   Set larger code cache with -XX:ReservedCodeCacheSize=
#   JVM is running with Unscaled Compressed Oops mode in which the Java heap is
#     placed in the first 4GB address space. The Java Heap base address is the
#     maximum limit for the native heap growth. Please use -XX:HeapBaseMinAddress
#     to set the Java Heap base and to place the Java Heap above 4GB virtual address.
# This output file may be truncated or incomplete.
#
#  Out of Memory Error (arena.cpp:78), pid=24056, tid=25220
#
# JRE version: OpenJDK Runtime Environment Temurin-17.0.1+12 (17.0.1+12) (build 17.0.1+12)
# Java VM: OpenJDK 64-Bit Server VM Temurin-17.0.1+12 (17.0.1+12, mixed mode, tiered, compressed oops, compressed class ptrs, g1 gc, windows-amd64)
# No core dump will be written. Minidumps are not enabled by default on client versions of Windows
#

---------------  S U M M A R Y ------------

Command Line: -Dfile.encoding=Cp1252 -XX:+ShowCodeDetailsInExceptionMessages chatting.application.Server

Host: Intel(R) Core(TM) i3-7020U CPU @ 2.30GHz, 4 cores, 7G,  Windows 10 , 64 bit Build 19041 (10.0.19041.546)
Time: Sun Dec 26 00:39:40 2021 India Standard Time elapsed time: 0.848450 seconds (0d 0h 0m 0s)

---------------  T H R E A D  ---------------

Current thread (0x0000020924417430):  JavaThread "C2 CompilerThread0" daemon [_thread_in_native, id=25220, stack(0x000000c507300000,0x000000c507400000)]


Current CompileTask:
C2:    848  631   !   4       sun.awt.image.PNGImageDecoder::produceImage (1917 bytes)

Stack: [0x000000c507300000,0x000000c507400000]
Native frames: (J=compiled Java code, j=interpreted, Vv=VM code, C=native code)
V  [jvm.dll+0x6744da]
V  [jvm.dll+0x82e144]
V  [jvm.dll+0x82f8ee]
V  [jvm.dll+0x82ff53]
V  [jvm.dll+0x245175]
V  [jvm.dll+0xabaa0]
V  [jvm.dll+0xabdec]
V  [jvm.dll+0x6058d4]
V  [jvm.dll+0x606ecb]
V  [jvm.dll+0x605434]
V  [jvm.dll+0x217ea8]
V  [jvm.dll+0x217451]
V  [jvm.dll+0x1a355d]
V  [jvm.dll+0x226e38]
V  [jvm.dll+0x224f7c]
V  [jvm.dll+0x7e3f5b]
V  [jvm.dll+0x7de51a]
V  [jvm.dll+0x673305]
C  [ucrtbase.dll+0x214c2]
C  [KERNEL32.DLL+0x17034]
C  [ntdll.dll+0x4cec1]


---------------  P R O C E S S  ---------------

Threads class SMR info:
_java_thread_list=0x0000020924a5adb0, length=19, elements={
0x0000020923989950, 0x000002092398af60, 0x0000020924408280, 0x000002092440ac50,
0x000002092440c540, 0x00000209244103f0, 0x0000020924417430, 0x00000209239f8020,
0x00000209239fa040, 0x0000020924550ba0, 0x000002092455cd30, 0x0000020924580410,
0x00000209245808e0, 0x00000209247fe5e0, 0x00000209249bb050, 0x0000020924aa7430,
0x0000020924a80320, 0x0000020926418930, 0x0000020924e914b0
}

Java Threads: ( => current thread )
  0x0000020923989950 JavaThread "Reference Handler" daemon [_thread_blocked, id=25388, stack(0x000000c506d00000,0x000000c506e00000)]
  0x000002092398af60 JavaThread "Finalizer" daemon [_thread_blocked, id=25384, stack(0x000000c506e00000,0x000000c506f00000)]
  0x0000020924408280 JavaThread "Signal Dispatcher" daemon [_thread_blocked, id=25264, stack(0x000000c506f00000,0x000000c507000000)]
  0x000002092440ac50 JavaThread "Attach Listener" daemon [_thread_blocked, id=24900, stack(0x000000c507000000,0x000000c507100000)]
  0x000002092440c540 JavaThread "Service Thread" daemon [_thread_blocked, id=25228, stack(0x000000c507100000,0x000000c507200000)]
  0x00000209244103f0 JavaThread "Monitor Deflation Thread" daemon [_thread_blocked, id=25232, stack(0x000000c507200000,0x000000c507300000)]
=>0x0000020924417430 JavaThread "C2 CompilerThread0" daemon [_thread_in_native, id=25220, stack(0x000000c507300000,0x000000c507400000)]
  0x00000209239f8020 JavaThread "C1 CompilerThread0" daemon [_thread_blocked, id=25088, stack(0x000000c507400000,0x000000c507500000)]
  0x00000209239fa040 JavaThread "Sweeper thread" daemon [_thread_blocked, id=24700, stack(0x000000c507500000,0x000000c507600000)]
  0x0000020924550ba0 JavaThread "Notification Thread" daemon [_thread_blocked, id=23648, stack(0x000000c507600000,0x000000c507700000)]
  0x000002092455cd30 JavaThread "Common-Cleaner" daemon [_thread_blocked, id=24876, stack(0x000000c507800000,0x000000c507900000)]
  0x0000020924580410 JavaThread "Java2D Disposer" daemon [_thread_blocked, id=12488, stack(0x000000c507900000,0x000000c507a00000)]
  0x00000209245808e0 JavaThread "AWT-Shutdown" [_thread_blocked, id=24924, stack(0x000000c507a00000,0x000000c507b00000)]
  0x00000209247fe5e0 JavaThread "AWT-Windows" daemon [_thread_in_native, id=23316, stack(0x000000c507b00000,0x000000c507c00000)]
  0x00000209249bb050 JavaThread "Image Fetcher 0" daemon [_thread_blocked, id=24656, stack(0x000000c507c00000,0x000000c507d00000)]
  0x0000020924aa7430 JavaThread "Image Fetcher 1" daemon [_thread_blocked, id=24652, stack(0x000000c507d00000,0x000000c507e00000)]
  0x0000020924a80320 JavaThread "AWT-EventQueue-0" [_thread_in_vm, id=23672, stack(0x000000c507e00000,0x000000c507f00000)]
  0x0000020926418930 JavaThread "DestroyJavaVM" [_thread_blocked, id=25000, stack(0x000000c506600000,0x000000c506700000)]
  0x0000020924e914b0 JavaThread "C2 CompilerThread1" daemon [_thread_blocked, id=24380, stack(0x000000c507f00000,0x000000c508000000)]

Other Threads:
  0x0000020923984900 VMThread "VM Thread" [stack: 0x000000c506c00000,0x000000c506d00000] [id=25392]
  0x00000209244b95b0 WatcherThread [stack: 0x000000c507700000,0x000000c507800000] [id=24864]
  0x000002090a398e10 GCTaskThread "GC Thread#0" [stack: 0x000000c506700000,0x000000c506800000] [id=21244]
  0x000002090a3aa0f0 ConcurrentGCThread "G1 Main Marker" [stack: 0x000000c506800000,0x000000c506900000] [id=20368]
  0x000002090a3abb10 ConcurrentGCThread "G1 Conc#0" [stack: 0x000000c506900000,0x000000c506a00000] [id=21016]
  0x000002090a422c40 ConcurrentGCThread "G1 Refine#0" [stack: 0x000000c506a00000,0x000000c506b00000] [id=24904]
  0x000002090a423660 ConcurrentGCThread "G1 Service" [stack: 0x000000c506b00000,0x000000c506c00000] [id=25380]

Threads with active compile tasks:
C2 CompilerThread0      966  631   !   4       sun.awt.image.PNGImageDecoder::produceImage (1917 bytes)

VM state: not at safepoint (normal execution)

VM Mutex/Monitor currently owned by a thread:  ([mutex/lock_event])
[0x000002090a349350] Metaspace_lock - owner thread: 0x0000020924a80320

Heap address: 0x0000000082000000, size: 2016 MB, Compressed Oops mode: 32-bit

CDS archive(s) not mapped
Compressed class space mapped at: 0x0000000100000000-0x0000000140000000, reserved size: 1073741824
Narrow klass base: 0x0000000000000000, Narrow klass shift: 3, Narrow klass range: 0x140000000

GC Precious Log:
 CPUs: 4 total, 4 available
 Memory: 8057M
 Large Page Support: Disabled
 NUMA Support: Disabled
 Compressed Oops: Enabled (32-bit)
 Heap Region Size: 1M
 Heap Min Capacity: 8M
 Heap Initial Capacity: 126M
 Heap Max Capacity: 2016M
 Pre-touch: Disabled
 Parallel Workers: 4
 Concurrent Workers: 1
 Concurrent Refinement Workers: 4
 Periodic GC: Disabled

Heap:
 garbage-first heap   total 129024K, used 10240K [0x0000000082000000, 0x0000000100000000)
  region size 1024K, 11 young (11264K), 0 survivors (0K)
 Metaspace       used 13445K, committed 13632K, reserved 1064960K
  class space    used 1301K, committed 1408K, reserved 1048576K

Heap Regions: E=young(eden), S=young(survivor), O=old, HS=humongous(starts), HC=humongous(continues), CS=collection set, F=free, OA=open archive, CA=closed archive, TAMS=top-at-mark-start (previous, next)
|   0|0x0000000082000000, 0x0000000082100000, 0x0000000082100000|100%|HS|  |TAMS 0x0000000082000000, 0x0000000082000000| Complete 
|   1|0x0000000082100000, 0x0000000082100000, 0x0000000082200000|  0%| F|  |TAMS 0x0000000082100000, 0x0000000082100000| Untracked 
|   2|0x0000000082200000, 0x0000000082200000, 0x0000000082300000|  0%| F|  |TAMS 0x0000000082200000, 0x0000000082200000| Untracked 
|   3|0x0000000082300000, 0x0000000082300000, 0x0000000082400000|  0%| F|  |TAMS 0x0000000082300000, 0x0000000082300000| Untracked 
|   4|0x0000000082400000, 0x0000000082400000, 0x0000000082500000|  0%| F|  |TAMS 0x0000000082400000, 0x0000000082400000| Untracked 
|   5|0x0000000082500000, 0x0000000082500000, 0x0000000082600000|  0%| F|  |TAMS 0x0000000082500000, 0x0000000082500000| Untracked 
|   6|0x0000000082600000, 0x0000000082600000, 0x0000000082700000|  0%| F|  |TAMS 0x0000000082600000, 0x0000000082600000| Untracked 
|   7|0x0000000082700000, 0x0000000082700000, 0x0000000082800000|  0%| F|  |TAMS 0x0000000082700000, 0x0000000082700000| Untracked 
|   8|0x0000000082800000, 0x0000000082800000, 0x0000000082900000|  0%| F|  |TAMS 0x0000000082800000, 0x0000000082800000| Untracked 
|   9|0x0000000082900000, 0x0000000082900000, 0x0000000082a00000|  0%| F|  |TAMS 0x0000000082900000, 0x0000000082900000| Untracked 
|  10|0x0000000082a00000, 0x0000000082a00000, 0x0000000082b00000|  0%| F|  |TAMS 0x0000000082a00000, 0x0000000082a00000| Untracked 
|  11|0x0000000082b00000, 0x0000000082b00000, 0x0000000082c00000|  0%| F|  |TAMS 0x0000000082b00000, 0x0000000082b00000| Untracked 
|  12|0x0000000082c00000, 0x0000000082c00000, 0x0000000082d00000|  0%| F|  |TAMS 0x0000000082c00000, 0x0000000082c00000| Untracked 
|  13|0x0000000082d00000, 0x0000000082d00000, 0x0000000082e00000|  0%| F|  |TAMS 0x0000000082d00000, 0x0000000082d00000| Untracked 
|  14|0x0000000082e00000, 0x0000000082e00000, 0x0000000082f00000|  0%| F|  |TAMS 0x0000000082e00000, 0x0000000082e00000| Untracked 
|  15|0x0000000082f00000, 0x0000000082f00000, 0x0000000083000000|  0%| F|  |TAMS 0x0000000082f00000, 0x0000000082f00000| Untracked 
|  16|0x0000000083000000, 0x0000000083000000, 0x0000000083100000|  0%| F|  |TAMS 0x0000000083000000, 0x0000000083000000| Untracked 
|  17|0x0000000083100000, 0x0000000083100000, 0x0000000083200000|  0%| F|  |TAMS 0x0000000083100000, 0x0000000083100000| Untracked 
|  18|0x0000000083200000, 0x0000000083200000, 0x0000000083300000|  0%| F|  |TAMS 0x0000000083200000, 0x0000000083200000| Untracked 
|  19|0x0000000083300000, 0x0000000083300000, 0x0000000083400000|  0%| F|  |TAMS 0x0000000083300000, 0x0000000083300000| Untracked 
|  20|0x0000000083400000, 0x0000000083400000, 0x0000000083500000|  0%| F|  |TAMS 0x0000000083400000, 0x0000000083400000| Untracked 
|  21|0x0000000083500000, 0x0000000083500000, 0x0000000083600000|  0%| F|  |TAMS 0x0000000083500000, 0x0000000083500000| Untracked 
|  22|0x0000000083600000, 0x0000000083600000, 0x0000000083700000|  0%| F|  |TAMS 0x0000000083600000, 0x0000000083600000| Untracked 
|  23|0x0000000083700000, 0x0000000083700000, 0x0000000083800000|  0%| F|  |TAMS 0x0000000083700000, 0x0000000083700000| Untracked 
|  24|0x0000000083800000, 0x0000000083800000, 0x0000000083900000|  0%| F|  |TAMS 0x0000000083800000, 0x0000000083800000| Untracked 
|  25|0x0000000083900000, 0x0000000083900000, 0x0000000083a00000|  0%| F|  |TAMS 0x0000000083900000, 0x0000000083900000| Untracked 
|  26|0x0000000083a00000, 0x0000000083a00000, 0x0000000083b00000|  0%| F|  |TAMS 0x0000000083a00000, 0x0000000083a00000| Untracked 
|  27|0x0000000083b00000, 0x0000000083b00000, 0x0000000083c00000|  0%| F|  |TAMS 0x0000000083b00000, 0x0000000083b00000| Untracked 
|  28|0x0000000083c00000, 0x0000000083c00000, 0x0000000083d00000|  0%| F|  |TAMS 0x0000000083c00000, 0x0000000083c00000| Untracked 
|  29|0x0000000083d00000, 0x0000000083d00000, 0x0000000083e00000|  0%| F|  |TAMS 0x0000000083d00000, 0x0000000083d00000| Untracked 
|  30|0x0000000083e00000, 0x0000000083e00000, 0x0000000083f00000|  0%| F|  |TAMS 0x0000000083e00000, 0x0000000083e00000| Untracked 
|  31|0x0000000083f00000, 0x0000000083f00000, 0x0000000084000000|  0%| F|  |TAMS 0x0000000083f00000, 0x0000000083f00000| Untracked 
|  32|0x0000000084000000, 0x0000000084000000, 0x0000000084100000|  0%| F|  |TAMS 0x0000000084000000, 0x0000000084000000| Untracked 
|  33|0x0000000084100000, 0x0000000084100000, 0x0000000084200000|  0%| F|  |TAMS 0x0000000084100000, 0x0000000084100000| Untracked 
|  34|0x0000000084200000, 0x0000000084200000, 0x0000000084300000|  0%| F|  |TAMS 0x0000000084200000, 0x0000000084200000| Untracked 
|  35|0x0000000084300000, 0x0000000084300000, 0x0000000084400000|  0%| F|  |TAMS 0x0000000084300000, 0x0000000084300000| Untracked 
|  36|0x0000000084400000, 0x0000000084400000, 0x0000000084500000|  0%| F|  |TAMS 0x0000000084400000, 0x0000000084400000| Untracked 
|  37|0x0000000084500000, 0x0000000084500000, 0x0000000084600000|  0%| F|  |TAMS 0x0000000084500000, 0x0000000084500000| Untracked 
|  38|0x0000000084600000, 0x0000000084600000, 0x0000000084700000|  0%| F|  |TAMS 0x0000000084600000, 0x0000000084600000| Untracked 
|  39|0x0000000084700000, 0x0000000084700000, 0x0000000084800000|  0%| F|  |TAMS 0x0000000084700000, 0x0000000084700000| Untracked 
|  40|0x0000000084800000, 0x0000000084800000, 0x0000000084900000|  0%| F|  |TAMS 0x0000000084800000, 0x0000000084800000| Untracked 
|  41|0x0000000084900000, 0x0000000084900000, 0x0000000084a00000|  0%| F|  |TAMS 0x0000000084900000, 0x0000000084900000| Untracked 
|  42|0x0000000084a00000, 0x0000000084a00000, 0x0000000084b00000|  0%| F|  |TAMS 0x0000000084a00000, 0x0000000084a00000| Untracked 
|  43|0x0000000084b00000, 0x0000000084b00000, 0x0000000084c00000|  0%| F|  |TAMS 0x0000000084b00000, 0x0000000084b00000| Untracked 
|  44|0x0000000084c00000, 0x0000000084c00000, 0x0000000084d00000|  0%| F|  |TAMS 0x0000000084c00000, 0x0000000084c00000| Untracked 
|  45|0x0000000084d00000, 0x0000000084d00000, 0x0000000084e00000|  0%| F|  |TAMS 0x0000000084d00000, 0x0000000084d00000| Untracked 
|  46|0x0000000084e00000, 0x0000000084e00000, 0x0000000084f00000|  0%| F|  |TAMS 0x0000000084e00000, 0x0000000084e00000| Untracked 
|  47|0x0000000084f00000, 0x0000000084f00000, 0x0000000085000000|  0%| F|  |TAMS 0x0000000084f00000, 0x0000000084f00000| Untracked 
|  48|0x0000000085000000, 0x0000000085000000, 0x0000000085100000|  0%| F|  |TAMS 0x0000000085000000, 0x0000000085000000| Untracked 
|  49|0x0000000085100000, 0x0000000085100000, 0x0000000085200000|  0%| F|  |TAMS 0x0000000085100000, 0x0000000085100000| Untracked 
|  50|0x0000000085200000, 0x0000000085200000, 0x0000000085300000|  0%| F|  |TAMS 0x0000000085200000, 0x0000000085200000| Untracked 
|  51|0x0000000085300000, 0x0000000085300000, 0x0000000085400000|  0%| F|  |TAMS 0x0000000085300000, 0x0000000085300000| Untracked 
|  52|0x0000000085400000, 0x0000000085400000, 0x0000000085500000|  0%| F|  |TAMS 0x0000000085400000, 0x0000000085400000| Untracked 
|  53|0x0000000085500000, 0x0000000085500000, 0x0000000085600000|  0%| F|  |TAMS 0x0000000085500000, 0x0000000085500000| Untracked 
|  54|0x0000000085600000, 0x0000000085600000, 0x0000000085700000|  0%| F|  |TAMS 0x0000000085600000, 0x0000000085600000| Untracked 
|  55|0x0000000085700000, 0x0000000085700000, 0x0000000085800000|  0%| F|  |TAMS 0x0000000085700000, 0x0000000085700000| Untracked 
|  56|0x0000000085800000, 0x0000000085800000, 0x0000000085900000|  0%| F|  |TAMS 0x0000000085800000, 0x0000000085800000| Untracked 
|  57|0x0000000085900000, 0x0000000085900000, 0x0000000085a00000|  0%| F|  |TAMS 0x0000000085900000, 0x0000000085900000| Untracked 
|  58|0x0000000085a00000, 0x0000000085a00000, 0x0000000085b00000|  0%| F|  |TAMS 0x0000000085a00000, 0x0000000085a00000| Untracked 
|  59|0x0000000085b00000, 0x0000000085b00000, 0x0000000085c00000|  0%| F|  |TAMS 0x0000000085b00000, 0x0000000085b00000| Untracked 
|  60|0x0000000085c00000, 0x0000000085c00000, 0x0000000085d00000|  0%| F|  |TAMS 0x0000000085c00000, 0x0000000085c00000| Untracked 
|  61|0x0000000085d00000, 0x0000000085d00000, 0x0000000085e00000|  0%| F|  |TAMS 0x0000000085d00000, 0x0000000085d00000| Untracked 
|  62|0x0000000085e00000, 0x0000000085e00000, 0x0000000085f00000|  0%| F|  |TAMS 0x0000000085e00000, 0x0000000085e00000| Untracked 
|  63|0x0000000085f00000, 0x0000000085f00000, 0x0000000086000000|  0%| F|  |TAMS 0x0000000085f00000, 0x0000000085f00000| Untracked 
|  64|0x0000000086000000, 0x0000000086000000, 0x0000000086100000|  0%| F|  |TAMS 0x0000000086000000, 0x0000000086000000| Untracked 
|  65|0x0000000086100000, 0x0000000086100000, 0x0000000086200000|  0%| F|  |TAMS 0x0000000086100000, 0x0000000086100000| Untracked 
|  66|0x0000000086200000, 0x0000000086200000, 0x0000000086300000|  0%| F|  |TAMS 0x0000000086200000, 0x0000000086200000| Untracked 
|  67|0x0000000086300000, 0x0000000086300000, 0x0000000086400000|  0%| F|  |TAMS 0x0000000086300000, 0x0000000086300000| Untracked 
|  68|0x0000000086400000, 0x0000000086400000, 0x0000000086500000|  0%| F|  |TAMS 0x0000000086400000, 0x0000000086400000| Untracked 
|  69|0x0000000086500000, 0x0000000086500000, 0x0000000086600000|  0%| F|  |TAMS 0x0000000086500000, 0x0000000086500000| Untracked 
|  70|0x0000000086600000, 0x0000000086600000, 0x0000000086700000|  0%| F|  |TAMS 0x0000000086600000, 0x0000000086600000| Untracked 
|  71|0x0000000086700000, 0x0000000086700000, 0x0000000086800000|  0%| F|  |TAMS 0x0000000086700000, 0x0000000086700000| Untracked 
|  72|0x0000000086800000, 0x0000000086800000, 0x0000000086900000|  0%| F|  |TAMS 0x0000000086800000, 0x0000000086800000| Untracked 
|  73|0x0000000086900000, 0x0000000086900000, 0x0000000086a00000|  0%| F|  |TAMS 0x0000000086900000, 0x0000000086900000| Untracked 
|  74|0x0000000086a00000, 0x0000000086a00000, 0x0000000086b00000|  0%| F|  |TAMS 0x0000000086a00000, 0x0000000086a00000| Untracked 
|  75|0x0000000086b00000, 0x0000000086b00000, 0x0000000086c00000|  0%| F|  |TAMS 0x0000000086b00000, 0x0000000086b00000| Untracked 
|  76|0x0000000086c00000, 0x0000000086c00000, 0x0000000086d00000|  0%| F|  |TAMS 0x0000000086c00000, 0x0000000086c00000| Untracked 
|  77|0x0000000086d00000, 0x0000000086d00000, 0x0000000086e00000|  0%| F|  |TAMS 0x0000000086d00000, 0x0000000086d00000| Untracked 
|  78|0x0000000086e00000, 0x0000000086e00000, 0x0000000086f00000|  0%| F|  |TAMS 0x0000000086e00000, 0x0000000086e00000| Untracked 
|  79|0x0000000086f00000, 0x0000000086f00000, 0x0000000087000000|  0%| F|  |TAMS 0x0000000086f00000, 0x0000000086f00000| Untracked 
|  80|0x0000000087000000, 0x0000000087000000, 0x0000000087100000|  0%| F|  |TAMS 0x0000000087000000, 0x0000000087000000| Untracked 
|  81|0x0000000087100000, 0x0000000087100000, 0x0000000087200000|  0%| F|  |TAMS 0x0000000087100000, 0x0000000087100000| Untracked 
|  82|0x0000000087200000, 0x0000000087200000, 0x0000000087300000|  0%| F|  |TAMS 0x0000000087200000, 0x0000000087200000| Untracked 
|  83|0x0000000087300000, 0x0000000087300000, 0x0000000087400000|  0%| F|  |TAMS 0x0000000087300000, 0x0000000087300000| Untracked 
|  84|0x0000000087400000, 0x0000000087400000, 0x0000000087500000|  0%| F|  |TAMS 0x0000000087400000, 0x0000000087400000| Untracked 
|  85|0x0000000087500000, 0x0000000087500000, 0x0000000087600000|  0%| F|  |TAMS 0x0000000087500000, 0x0000000087500000| Untracked 
|  86|0x0000000087600000, 0x0000000087600000, 0x0000000087700000|  0%| F|  |TAMS 0x0000000087600000, 0x0000000087600000| Untracked 
|  87|0x0000000087700000, 0x0000000087700000, 0x0000000087800000|  0%| F|  |TAMS 0x0000000087700000, 0x0000000087700000| Untracked 
|  88|0x0000000087800000, 0x0000000087800000, 0x0000000087900000|  0%| F|  |TAMS 0x0000000087800000, 0x0000000087800000| Untracked 
|  89|0x0000000087900000, 0x0000000087900000, 0x0000000087a00000|  0%| F|  |TAMS 0x0000000087900000, 0x0000000087900000| Untracked 
|  90|0x0000000087a00000, 0x0000000087a00000, 0x0000000087b00000|  0%| F|  |TAMS 0x0000000087a00000, 0x0000000087a00000| Untracked 
|  91|0x0000000087b00000, 0x0000000087b00000, 0x0000000087c00000|  0%| F|  |TAMS 0x0000000087b00000, 0x0000000087b00000| Untracked 
|  92|0x0000000087c00000, 0x0000000087c00000, 0x0000000087d00000|  0%| F|  |TAMS 0x0000000087c00000, 0x0000000087c00000| Untracked 
|  93|0x0000000087d00000, 0x0000000087d00000, 0x0000000087e00000|  0%| F|  |TAMS 0x0000000087d00000, 0x0000000087d00000| Untracked 
|  94|0x0000000087e00000, 0x0000000087e00000, 0x0000000087f00000|  0%| F|  |TAMS 0x0000000087e00000, 0x0000000087e00000| Untracked 
|  95|0x0000000087f00000, 0x0000000087f00000, 0x0000000088000000|  0%| F|  |TAMS 0x0000000087f00000, 0x0000000087f00000| Untracked 
|  96|0x0000000088000000, 0x0000000088000000, 0x0000000088100000|  0%| F|  |TAMS 0x0000000088000000, 0x0000000088000000| Untracked 
|  97|0x0000000088100000, 0x0000000088100000, 0x0000000088200000|  0%| F|  |TAMS 0x0000000088100000, 0x0000000088100000| Untracked 
|  98|0x0000000088200000, 0x0000000088200000, 0x0000000088300000|  0%| F|  |TAMS 0x0000000088200000, 0x0000000088200000| Untracked 
|  99|0x0000000088300000, 0x0000000088300000, 0x0000000088400000|  0%| F|  |TAMS 0x0000000088300000, 0x0000000088300000| Untracked 
| 100|0x0000000088400000, 0x0000000088400000, 0x0000000088500000|  0%| F|  |TAMS 0x0000000088400000, 0x0000000088400000| Untracked 
| 101|0x0000000088500000, 0x0000000088500000, 0x0000000088600000|  0%| F|  |TAMS 0x0000000088500000, 0x0000000088500000| Untracked 
| 102|0x0000000088600000, 0x0000000088600000, 0x0000000088700000|  0%| F|  |TAMS 0x0000000088600000, 0x0000000088600000| Untracked 
| 103|0x0000000088700000, 0x0000000088700000, 0x0000000088800000|  0%| F|  |TAMS 0x0000000088700000, 0x0000000088700000| Untracked 
| 104|0x0000000088800000, 0x0000000088800000, 0x0000000088900000|  0%| F|  |TAMS 0x0000000088800000, 0x0000000088800000| Untracked 
| 105|0x0000000088900000, 0x0000000088900000, 0x0000000088a00000|  0%| F|  |TAMS 0x0000000088900000, 0x0000000088900000| Untracked 
| 106|0x0000000088a00000, 0x0000000088a00000, 0x0000000088b00000|  0%| F|  |TAMS 0x0000000088a00000, 0x0000000088a00000| Untracked 
| 107|0x0000000088b00000, 0x0000000088b00000, 0x0000000088c00000|  0%| F|  |TAMS 0x0000000088b00000, 0x0000000088b00000| Untracked 
| 108|0x0000000088c00000, 0x0000000088c00000, 0x0000000088d00000|  0%| F|  |TAMS 0x0000000088c00000, 0x0000000088c00000| Untracked 
| 109|0x0000000088d00000, 0x0000000088d00000, 0x0000000088e00000|  0%| F|  |TAMS 0x0000000088d00000, 0x0000000088d00000| Untracked 
| 110|0x0000000088e00000, 0x0000000088e00000, 0x0000000088f00000|  0%| F|  |TAMS 0x0000000088e00000, 0x0000000088e00000| Untracked 
| 111|0x0000000088f00000, 0x0000000088f00000, 0x0000000089000000|  0%| F|  |TAMS 0x0000000088f00000, 0x0000000088f00000| Untracked 
| 112|0x0000000089000000, 0x0000000089000000, 0x0000000089100000|  0%| F|  |TAMS 0x0000000089000000, 0x0000000089000000| Untracked 
| 113|0x0000000089100000, 0x0000000089100000, 0x0000000089200000|  0%| F|  |TAMS 0x0000000089100000, 0x0000000089100000| Untracked 
| 114|0x0000000089200000, 0x0000000089200000, 0x0000000089300000|  0%| F|  |TAMS 0x0000000089200000, 0x0000000089200000| Untracked 
| 115|0x0000000089300000, 0x0000000089353148, 0x0000000089400000| 32%| E|  |TAMS 0x0000000089300000, 0x0000000089300000| Complete 
| 116|0x0000000089400000, 0x00000000894c8868, 0x0000000089500000| 78%| E|  |TAMS 0x0000000089400000, 0x0000000089400000| Complete 
| 117|0x0000000089500000, 0x0000000089600000, 0x0000000089600000|100%| E|CS|TAMS 0x0000000089500000, 0x0000000089500000| Complete 
| 118|0x0000000089600000, 0x0000000089700000, 0x0000000089700000|100%| E|CS|TAMS 0x0000000089600000, 0x0000000089600000| Complete 
| 119|0x0000000089700000, 0x0000000089800000, 0x0000000089800000|100%| E|CS|TAMS 0x0000000089700000, 0x0000000089700000| Complete 
| 120|0x0000000089800000, 0x0000000089900000, 0x0000000089900000|100%| E|CS|TAMS 0x0000000089800000, 0x0000000089800000| Complete 
| 121|0x0000000089900000, 0x0000000089a00000, 0x0000000089a00000|100%| E|CS|TAMS 0x0000000089900000, 0x0000000089900000| Complete 
| 122|0x0000000089a00000, 0x0000000089b00000, 0x0000000089b00000|100%| E|CS|TAMS 0x0000000089a00000, 0x0000000089a00000| Complete 
| 123|0x0000000089b00000, 0x0000000089c00000, 0x0000000089c00000|100%| E|CS|TAMS 0x0000000089b00000, 0x0000000089b00000| Complete 
| 124|0x0000000089c00000, 0x0000000089d00000, 0x0000000089d00000|100%| E|CS|TAMS 0x0000000089c00000, 0x0000000089c00000| Complete 
| 125|0x0000000089d00000, 0x0000000089e00000, 0x0000000089e00000|100%| E|CS|TAMS 0x0000000089d00000, 0x0000000089d00000| Complete 

Card table byte_map: [0x000002091ce00000,0x000002091d1f0000] _byte_map_base: 0x000002091c9f0000

Marking Bits (Prev, Next): (CMBitMap*) 0x000002090a399420, (CMBitMap*) 0x000002090a399460
 Prev Bits: [0x000002091d5e0000, 0x000002091f560000)
 Next Bits: [0x000002091f560000, 0x00000209214e0000)

Polling page: 0x0000020908220000

Metaspace:

Usage:
  Non-class:     11.86 MB used.
      Class:      1.27 MB used.
       Both:     13.13 MB used.

Virtual space:
  Non-class space:       16.00 MB reserved,      11.94 MB ( 75%) committed,  2 nodes.
      Class space:        1.00 GB reserved,       1.38 MB ( <1%) committed,  1 nodes.
             Both:        1.02 GB reserved,      13.31 MB (  1%) committed. 

Chunk freelists:
   Non-Class:  45.00 KB
       Class:  2.61 MB
        Both:  2.66 MB

MaxMetaspaceSize: unlimited
CompressedClassSpaceSize: 1.00 GB
Initial GC threshold: 21.00 MB
Current GC threshold: 21.00 MB
CDS: off
MetaspaceReclaimPolicy: balanced
 - commit_granule_bytes: 65536.
 - commit_granule_words: 8192.
 - virtual_space_node_default_size: 1048576.
 - enlarge_chunks_in_place: 1.
 - new_chunks_are_fully_committed: 0.
 - uncommit_free_chunks: 1.
 - use_allocation_guard: 0.
 - handle_deallocations: 1.


Internal statistics:

num_allocs_failed_limit: 0.
num_arena_births: 118.
num_arena_deaths: 0.
num_vsnodes_births: 3.
num_vsnodes_deaths: 0.
num_space_committed: 213.
num_space_uncommitted: 0.
num_chunks_returned_to_freelist: 0.
num_chunks_taken_from_freelist: 164.
num_chunk_merges: 0.
num_chunk_splits: 93.
num_chunks_enlarged: 54.
num_purges: 0.
num_inconsistent_stats: 0.

CodeHeap 'non-profiled nmethods': size=120000Kb used=218Kb max_used=218Kb free=119781Kb
 bounds [0x00000209154e0000, 0x0000020915750000, 0x000002091ca10000]
CodeHeap 'profiled nmethods': size=120000Kb used=1216Kb max_used=1216Kb free=118783Kb
 bounds [0x000002090dfb0000, 0x000002090e220000, 0x00000209154e0000]
CodeHeap 'non-nmethods': size=5760Kb used=1244Kb max_used=1257Kb free=4515Kb
 bounds [0x000002090da10000, 0x000002090dc80000, 0x000002090dfb0000]
 total_blobs=1323 nmethods=759 adapters=477
 compilation: enabled
              stopped_count=0, restarted_count=0
 full_count=0

Compilation events (20 events):
Event: 0.778 Thread 0x00000209239f8020  708       3       jdk.internal.org.objectweb.asm.Frame::pop (53 bytes)
Event: 0.779 Thread 0x00000209239f8020 nmethod 708 0x000002090e0cc490 code [0x000002090e0cc6e0, 0x000002090e0cce58]
Event: 0.779 Thread 0x00000209239f8020  711       3       java.util.AbstractList::<init> (10 bytes)
Event: 0.779 Thread 0x00000209239f8020 nmethod 711 0x000002090e0cd190 code [0x000002090e0cd340, 0x000002090e0cd518]
Event: 0.783 Thread 0x00000209239f8020  712       3       jdk.internal.jimage.ImageStringsReader::match (11 bytes)
Event: 0.783 Thread 0x00000209239f8020 nmethod 712 0x000002090e0cd610 code [0x000002090e0cd7c0, 0x000002090e0cd988]
Event: 0.783 Thread 0x00000209239f8020  714       3       jdk.internal.loader.BuiltinClassLoader::moduleReaderFor (45 bytes)
Event: 0.784 Thread 0x00000209239f8020 nmethod 714 0x000002090e0cda90 code [0x000002090e0cdc80, 0x000002090e0ce338]
Event: 0.784 Thread 0x00000209239f8020  715       3       jdk.internal.jimage.BasicImageReader::getLocationIndex (52 bytes)
Event: 0.784 Thread 0x00000209239f8020 nmethod 715 0x000002090e0ce510 code [0x000002090e0ce700, 0x000002090e0ceb98]
Event: 0.784 Thread 0x00000209239f8020  718       1       java.awt.Component::getParent_NoClientCode (5 bytes)
Event: 0.785 Thread 0x00000209239f8020 nmethod 718 0x0000020915512910 code [0x0000020915512aa0, 0x0000020915512b78]
Event: 0.785 Thread 0x00000209239f8020  716       3       jdk.internal.jimage.ImageStringsReader::hashCode (8 bytes)
Event: 0.785 Thread 0x00000209239f8020 nmethod 716 0x000002090e0cee10 code [0x000002090e0cefc0, 0x000002090e0cf178]
Event: 0.785 Thread 0x00000209239f8020  713       3       jdk.internal.jimage.BasicImageReader::match (37 bytes)
Event: 0.785 Thread 0x00000209239f8020 nmethod 713 0x000002090e0cf290 code [0x000002090e0cf440, 0x000002090e0cf698]
Event: 0.785 Thread 0x00000209239f8020  717       3       jdk.internal.module.SystemModuleFinders$SystemModuleReader::find (59 bytes)
Event: 0.786 Thread 0x00000209239f8020 nmethod 717 0x000002090e0cf790 code [0x000002090e0cfa40, 0x000002090e0d0548]
Event: 0.789 Thread 0x00000209239f8020  720       3       java.lang.invoke.MethodHandles$Lookup::checkSecurityManager (97 bytes)
Event: 0.792 Thread 0x00000209239f8020 nmethod 720 0x000002090e0d0990 code [0x000002090e0d0da0, 0x000002090e0d2a98]

GC Heap History (0 events):
No events

Deoptimization events (20 events):
Event: 0.701 Thread 0x0000020924aa7430 DEOPT PACKING pc=0x000002090e08c0ed sp=0x000000c507dfed10
Event: 0.701 Thread 0x0000020924aa7430 DEOPT UNPACKING pc=0x000002090da62b43 sp=0x000000c507dfe180 mode 0
Event: 0.701 Thread 0x0000020924aa7430 DEOPT PACKING pc=0x000002090e08c0ed sp=0x000000c507dfed10
Event: 0.701 Thread 0x0000020924aa7430 DEOPT UNPACKING pc=0x000002090da62b43 sp=0x000000c507dfe180 mode 0
Event: 0.701 Thread 0x0000020924aa7430 DEOPT PACKING pc=0x000002090e08c0ed sp=0x000000c507dfed10
Event: 0.701 Thread 0x0000020924aa7430 DEOPT UNPACKING pc=0x000002090da62b43 sp=0x000000c507dfe180 mode 0
Event: 0.701 Thread 0x0000020924aa7430 DEOPT PACKING pc=0x000002090e08c0ed sp=0x000000c507dfed10
Event: 0.701 Thread 0x0000020924aa7430 DEOPT UNPACKING pc=0x000002090da62b43 sp=0x000000c507dfe180 mode 0
Event: 0.701 Thread 0x0000020924aa7430 DEOPT PACKING pc=0x000002090e08c0ed sp=0x000000c507dfed10
Event: 0.701 Thread 0x0000020924aa7430 DEOPT UNPACKING pc=0x000002090da62b43 sp=0x000000c507dfe180 mode 0
Event: 0.702 Thread 0x0000020924aa7430 DEOPT PACKING pc=0x000002090e08c0ed sp=0x000000c507dfed10
Event: 0.702 Thread 0x0000020924aa7430 DEOPT UNPACKING pc=0x000002090da62b43 sp=0x000000c507dfe180 mode 0
Event: 0.702 Thread 0x0000020924aa7430 DEOPT PACKING pc=0x000002090e08c0ed sp=0x000000c507dfed10
Event: 0.702 Thread 0x0000020924aa7430 DEOPT UNPACKING pc=0x000002090da62b43 sp=0x000000c507dfe180 mode 0
Event: 0.702 Thread 0x0000020924aa7430 DEOPT PACKING pc=0x000002090e08c0ed sp=0x000000c507dfed10
Event: 0.702 Thread 0x0000020924aa7430 DEOPT UNPACKING pc=0x000002090da62b43 sp=0x000000c507dfe180 mode 0
Event: 0.757 Thread 0x000002090a35a4d0 Uncommon trap: trap_request=0xffffff45 fr.pc=0x00000209154fec68 relative=0x0000000000000368
Event: 0.757 Thread 0x000002090a35a4d0 Uncommon trap: reason=unstable_if action=reinterpret pc=0x00000209154fec68 method=java.lang.StringUTF16.compress([CI[BII)I @ 20 c2
Event: 0.757 Thread 0x000002090a35a4d0 DEOPT PACKING pc=0x00000209154fec68 sp=0x000000c5066fcdb0
Event: 0.757 Thread 0x000002090a35a4d0 DEOPT UNPACKING pc=0x000002090da623a3 sp=0x000000c5066fcd30 mode 2

Classes unloaded (0 events):
No events

Classes redefined (0 events):
No events

Internal exceptions (12 events):
Event: 0.246 Thread 0x000002090a35a4d0 Exception <a 'java/lang/ClassNotFoundException'{0x0000000089c31330}: sun/awt/resources/spi/awtProvider> (0x0000000089c31330) 
thrown [e:\jenkins\tmp\workspace\build\src\src\hotspot\share\classfile\systemDictionary.cpp, line 256]
Event: 0.288 Thread 0x000002090a35a4d0 Exception <a 'java/io/FileNotFoundException'{0x0000000089c8bea0}> (0x0000000089c8bea0) 
thrown [e:\jenkins\tmp\workspace\build\src\src\hotspot\share\prims\jni.cpp, line 516]
Event: 0.297 Thread 0x000002090a35a4d0 Exception <a 'java/io/FileNotFoundException'{0x0000000089cb8e20}> (0x0000000089cb8e20) 
thrown [e:\jenkins\tmp\workspace\build\src\src\hotspot\share\prims\jni.cpp, line 516]
Event: 0.363 Thread 0x000002090a35a4d0 Exception <a 'java/lang/NoSuchMethodError'{0x0000000089b0a708}: 'java.lang.Object java.lang.invoke.DirectMethodHandle$Holder.invokeStaticInit(java.lang.Object)'> (0x0000000089b0a708) 
thrown [e:\jenkins\tmp\workspace\build\src\src\hotspot\share\interpreter\linkResolver.cpp, line 766]
Event: 0.410 Thread 0x000002090a35a4d0 Exception <a 'java/lang/NoSuchMethodError'{0x0000000089b970a8}: 'void java.lang.invoke.DirectMethodHandle$Holder.invokeSpecial(java.lang.Object, java.lang.Object, java.lang.Object)'> (0x0000000089b970a8) 
thrown [e:\jenkins\tmp\workspace\build\src\src\hotspot\share\interpreter\linkResolver.cpp, line 766]
Event: 0.422 Thread 0x000002090a35a4d0 Exception <a 'java/lang/NoSuchMethodError'{0x0000000089bc1330}: 'java.lang.Object java.lang.invoke.DirectMethodHandle$Holder.newInvokeSpecial(java.lang.Object, java.lang.Object, java.lang.Object, java.lang.Object, java.lang.Object)'> (0x0000000089bc1330) 
thrown [e:\jenkins\tmp\workspace\build\src\src\hotspot\share\interpreter\linkResolver.cpp, line 766]
Event: 0.424 Thread 0x000002090a35a4d0 Exception <a 'java/lang/NoSuchMethodError'{0x0000000089bcd0c0}: 'java.lang.Object java.lang.invoke.DirectMethodHandle$Holder.invokeStatic(java.lang.Object, int, java.lang.Object, java.lang.Object, java.lang.Object, java.lang.Object)'> (0x0000000089bcd0c0) 
thrown [e:\jenkins\tmp\workspace\build\src\src\hotspot\share\interpreter\linkResolver.cpp, line 766]
Event: 0.430 Thread 0x000002090a35a4d0 Exception <a 'java/lang/NoSuchMethodError'{0x0000000089bf2880}: 'java.lang.Object java.lang.invoke.DirectMethodHandle$Holder.invokeStatic(java.lang.Object, int, java.lang.Object)'> (0x0000000089bf2880) 
thrown [e:\jenkins\tmp\workspace\build\src\src\hotspot\share\interpreter\linkResolver.cpp, line 766]
Event: 0.469 Thread 0x000002090a35a4d0 Exception <a 'java/lang/ClassNotFoundException'{0x0000000089aaa8d8}: com/sun/swing/internal/plaf/metal/resources/spi/metalProvider> (0x0000000089aaa8d8) 
thrown [e:\jenkins\tmp\workspace\build\src\src\hotspot\share\classfile\systemDictionary.cpp, line 256]
Event: 0.470 Thread 0x000002090a35a4d0 Exception <a 'java/lang/ClassNotFoundException'{0x0000000089aae760}: com/sun/swing/internal/plaf/basic/resources/spi/basicProvider> (0x0000000089aae760) 
thrown [e:\jenkins\tmp\workspace\build\src\src\hotspot\share\classfile\systemDictionary.cpp, line 256]
Event: 0.574 Thread 0x00000209249bb050 Exception <a 'java/lang/NoSuchMethodError'{0x00000000898a4540}: 'java.lang.Object java.lang.invoke.DirectMethodHandle$Holder.newInvokeSpecial(java.lang.Object, java.lang.Object, java.lang.Object, int, int, int, int, int)'> (0x00000000898a4540) 
thrown [e:\jenkins\tmp\workspace\build\src\src\hotspot\share\interpreter\linkResolver.cpp, line 766]
Event: 0.735 Thread 0x000002090a35a4d0 Exception <a 'java/lang/NoSuchMethodError'{0x0000000089af1f40}: 'void java.lang.invoke.DirectMethodHandle$Holder.invokeStaticInit(java.lang.Object)'> (0x0000000089af1f40) 
thrown [e:\jenkins\tmp\workspace\build\src\src\hotspot\share\interpreter\linkResolver.cpp, line 766]

VM Operations (8 events):
Event: 0.469 Executing VM operation: HandshakeAllThreads
Event: 0.469 Executing VM operation: HandshakeAllThreads done
Event: 0.610 Executing VM operation: HandshakeAllThreads
Event: 0.610 Executing VM operation: HandshakeAllThreads done
Event: 0.721 Executing VM operation: HandshakeAllThreads
Event: 0.721 Executing VM operation: HandshakeAllThreads done
Event: 0.769 Executing VM operation: HandshakeAllThreads
Event: 0.769 Executing VM operation: HandshakeAllThreads done

Events (20 events):
Event: 0.794 loading class sun/awt/AWTAccessor$SequencedEventAccessor done
Event: 0.794 loading class java/awt/SequencedEvent$1 done
Event: 0.794 loading class java/awt/SequencedEvent$2
Event: 0.794 loading class java/awt/SequencedEvent$2 done
Event: 0.794 loading class java/util/concurrent/locks/AbstractQueuedSynchronizer$ExclusiveNode
Event: 0.794 loading class java/util/concurrent/locks/AbstractQueuedSynchronizer$ExclusiveNode done
Event: 0.794 loading class java/awt/event/PaintEvent
Event: 0.795 loading class java/awt/event/PaintEvent done
Event: 0.795 loading class java/awt/event/MouseEvent
Event: 0.795 loading class java/awt/event/MouseEvent done
Event: 0.795 loading class java/awt/EventQueue$5
Event: 0.795 loading class java/awt/EventQueue$5 done
Event: 0.795 loading class sun/awt/dnd/SunDropTargetEvent
Event: 0.796 loading class sun/awt/dnd/SunDropTargetEvent done
Event: 0.796 loading class java/awt/DefaultKeyboardFocusManager$DefaultKeyboardFocusManagerSentEvent
Event: 0.796 loading class java/awt/SentEvent
Event: 0.796 loading class java/awt/SentEvent done
Event: 0.796 loading class java/awt/DefaultKeyboardFocusManager$DefaultKeyboardFocusManagerSentEvent done
Event: 0.796 loading class java/awt/event/FocusEvent
Event: 0.797 loading class java/awt/event/FocusEvent done


Dynamic libraries:
0x00007ff703c50000 - 0x00007ff703c5e000 	C:\Users\Shital\.p2\pool\plugins\org.eclipse.justj.openjdk.hotspot.jre.full.win32.x86_64_17.0.1.v20211116-1657\jre\bin\javaw.exe
0x00007fff373f0000 - 0x00007fff375e6000 	C:\WINDOWS\SYSTEM32\ntdll.dll
0x00007fff37260000 - 0x00007fff3731d000 	C:\WINDOWS\System32\KERNEL32.DLL
0x00007fff35270000 - 0x00007fff35538000 	C:\WINDOWS\System32\KERNELBASE.dll
0x00007fff34f60000 - 0x00007fff35060000 	C:\WINDOWS\System32\ucrtbase.dll
0x00007fff2ff70000 - 0x00007fff2ff88000 	C:\Users\Shital\.p2\pool\plugins\org.eclipse.justj.openjdk.hotspot.jre.full.win32.x86_64_17.0.1.v20211116-1657\jre\bin\jli.dll
0x00007fff2ff50000 - 0x00007fff2ff69000 	C:\Users\Shital\.p2\pool\plugins\org.eclipse.justj.openjdk.hotspot.jre.full.win32.x86_64_17.0.1.v20211116-1657\jre\bin\VCRUNTIME140.dll
0x00007fff36030000 - 0x00007fff361d0000 	C:\WINDOWS\System32\USER32.dll
0x00007fff34e80000 - 0x00007fff34ea2000 	C:\WINDOWS\System32\win32u.dll
0x00007fff2ba20000 - 0x00007fff2bcbb000 	C:\WINDOWS\WinSxS\amd64_microsoft.windows.common-controls_6595b64144ccf1df_6.0.19041.488_none_ca04af081b815d21\COMCTL32.dll
0x00007fff36600000 - 0x00007fff3662a000 	C:\WINDOWS\System32\GDI32.dll
0x00007fff356f0000 - 0x00007fff3578e000 	C:\WINDOWS\System32\msvcrt.dll
0x00007fff34cf0000 - 0x00007fff34df9000 	C:\WINDOWS\System32\gdi32full.dll
0x00007fff34c20000 - 0x00007fff34cbd000 	C:\WINDOWS\System32\msvcp_win.dll
0x00007fff368a0000 - 0x00007fff368d0000 	C:\WINDOWS\System32\IMM32.DLL
0x00007fff23390000 - 0x00007fff2339c000 	C:\Users\Shital\.p2\pool\plugins\org.eclipse.justj.openjdk.hotspot.jre.full.win32.x86_64_17.0.1.v20211116-1657\jre\bin\vcruntime140_1.dll
0x00007fff21170000 - 0x00007fff21201000 	C:\Users\Shital\.p2\pool\plugins\org.eclipse.justj.openjdk.hotspot.jre.full.win32.x86_64_17.0.1.v20211116-1657\jre\bin\msvcp140.dll
0x00007fff08e70000 - 0x00007fff09ab6000 	C:\Users\Shital\.p2\pool\plugins\org.eclipse.justj.openjdk.hotspot.jre.full.win32.x86_64_17.0.1.v20211116-1657\jre\bin\server\jvm.dll
0x00007fff36550000 - 0x00007fff365fc000 	C:\WINDOWS\System32\ADVAPI32.dll
0x00007fff371b0000 - 0x00007fff3724b000 	C:\WINDOWS\System32\sechost.dll
0x00007fff36770000 - 0x00007fff36894000 	C:\WINDOWS\System32\RPCRT4.dll
0x00007fff37250000 - 0x00007fff37258000 	C:\WINDOWS\System32\PSAPI.DLL
0x00007fff24940000 - 0x00007fff24949000 	C:\WINDOWS\SYSTEM32\WSOCK32.dll
0x00007fff363a0000 - 0x00007fff3640b000 	C:\WINDOWS\System32\WS2_32.dll
0x00007fff29660000 - 0x00007fff29687000 	C:\WINDOWS\SYSTEM32\WINMM.dll
0x00007fff29990000 - 0x00007fff2999a000 	C:\WINDOWS\SYSTEM32\VERSION.dll
0x00007fff33550000 - 0x00007fff33562000 	C:\WINDOWS\SYSTEM32\kernel.appcore.dll
0x00007fff22320000 - 0x00007fff2232a000 	C:\Users\Shital\.p2\pool\plugins\org.eclipse.justj.openjdk.hotspot.jre.full.win32.x86_64_17.0.1.v20211116-1657\jre\bin\jimage.dll
0x00007fff33210000 - 0x00007fff333f4000 	C:\WINDOWS\SYSTEM32\DBGHELP.DLL
0x00007fff26cd0000 - 0x00007fff26cfc000 	C:\WINDOWS\SYSTEM32\dbgcore.DLL
0x00007fff34e00000 - 0x00007fff34e7f000 	C:\WINDOWS\System32\bcryptPrimitives.dll
0x00007fff0daa0000 - 0x00007fff0dac5000 	C:\Users\Shital\.p2\pool\plugins\org.eclipse.justj.openjdk.hotspot.jre.full.win32.x86_64_17.0.1.v20211116-1657\jre\bin\java.dll
0x00007fff18be0000 - 0x00007fff18bf8000 	C:\Users\Shital\.p2\pool\plugins\org.eclipse.justj.openjdk.hotspot.jre.full.win32.x86_64_17.0.1.v20211116-1657\jre\bin\zip.dll
0x00007fff358e0000 - 0x00007fff36021000 	C:\WINDOWS\System32\SHELL32.dll
0x00007fff329a0000 - 0x00007fff33135000 	C:\WINDOWS\SYSTEM32\windows.storage.dll
0x00007fff36980000 - 0x00007fff36cd5000 	C:\WINDOWS\System32\combase.dll
0x00007fff345c0000 - 0x00007fff345ec000 	C:\WINDOWS\SYSTEM32\Wldp.dll
0x00007fff362f0000 - 0x00007fff3639e000 	C:\WINDOWS\System32\SHCORE.dll
0x00007fff37320000 - 0x00007fff37375000 	C:\WINDOWS\System32\shlwapi.dll
0x00007fff34b50000 - 0x00007fff34b76000 	C:\WINDOWS\SYSTEM32\profapi.dll
0x00007fff1ebb0000 - 0x00007fff1ed3e000 	C:\Users\Shital\.p2\pool\plugins\org.eclipse.justj.openjdk.hotspot.jre.full.win32.x86_64_17.0.1.v20211116-1657\jre\bin\awt.dll
0x00007fff35790000 - 0x00007fff3585d000 	C:\WINDOWS\System32\OLEAUT32.dll
0x00007fff31aa0000 - 0x00007fff31b30000 	C:\WINDOWS\SYSTEM32\apphelp.dll
0x00007fff31df0000 - 0x00007fff31e1f000 	C:\WINDOWS\system32\DWMAPI.DLL
0x00007fff31c60000 - 0x00007fff31cfe000 	C:\WINDOWS\system32\uxtheme.dll
0x00007fff22c70000 - 0x00007fff22d95000 	C:\WINDOWS\system32\opengl32.dll
0x00007fff22790000 - 0x00007fff227bc000 	C:\WINDOWS\SYSTEM32\GLU32.dll
0x00007fff361d0000 - 0x00007fff362e5000 	C:\WINDOWS\System32\MSCTF.dll
0x00007fff36630000 - 0x00007fff3675a000 	C:\WINDOWS\System32\ole32.dll
0x00007fff20d10000 - 0x00007fff20d99000 	C:\Users\Shital\.p2\pool\plugins\org.eclipse.justj.openjdk.hotspot.jre.full.win32.x86_64_17.0.1.v20211116-1657\jre\bin\freetype.dll
0x00007fff20c60000 - 0x00007fff20d08000 	C:\Users\Shital\.p2\pool\plugins\org.eclipse.justj.openjdk.hotspot.jre.full.win32.x86_64_17.0.1.v20211116-1657\jre\bin\fontmanager.dll
0x00007fff2b820000 - 0x00007fff2b91c000 	C:\WINDOWS\SYSTEM32\textinputframework.dll
0x00007fff318a0000 - 0x00007fff31992000 	C:\WINDOWS\System32\CoreMessaging.dll
0x00007fff311c0000 - 0x00007fff3151e000 	C:\WINDOWS\System32\CoreUIComponents.dll
0x00007fff33960000 - 0x00007fff33993000 	C:\WINDOWS\SYSTEM32\ntmarta.dll
0x00007fff30640000 - 0x00007fff30796000 	C:\WINDOWS\SYSTEM32\wintypes.dll
0x00007fff17e80000 - 0x00007fff17e99000 	C:\Users\Shital\.p2\pool\plugins\org.eclipse.justj.openjdk.hotspot.jre.full.win32.x86_64_17.0.1.v20211116-1657\jre\bin\net.dll
0x00007fff26bb0000 - 0x00007fff26cb0000 	C:\WINDOWS\SYSTEM32\WINHTTP.dll
0x00007fff34340000 - 0x00007fff343aa000 	C:\WINDOWS\system32\mswsock.dll
0x00007fff12c60000 - 0x00007fff12c75000 	C:\Users\Shital\.p2\pool\plugins\org.eclipse.justj.openjdk.hotspot.jre.full.win32.x86_64_17.0.1.v20211116-1657\jre\bin\nio.dll

dbghelp: loaded successfully - version: 4.0.5 - missing functions: none
symbol engine: initialized successfully - sym options: 0x614 - pdb path: .;C:\Users\Shital\.p2\pool\plugins\org.eclipse.justj.openjdk.hotspot.jre.full.win32.x86_64_17.0.1.v20211116-1657\jre\bin;C:\WINDOWS\SYSTEM32;C:\WINDOWS\WinSxS\amd64_microsoft.windows.common-controls_6595b64144ccf1df_6.0.19041.488_none_ca04af081b815d21;C:\Users\Shital\.p2\pool\plugins\org.eclipse.justj.openjdk.hotspot.jre.full.win32.x86_64_17.0.1.v20211116-1657\jre\bin\server

VM Arguments:
jvm_args: -Dfile.encoding=Cp1252 -XX:+ShowCodeDetailsInExceptionMessages 
java_command: chatting.application.Server
java_class_path (initial): C:\Users\Shital\eclipse-workspace\ChattingApplication\bin
Launcher Type: SUN_STANDARD

[Global flags]
     intx CICompilerCount                          = 3                                         {product} {ergonomic}
     uint ConcGCThreads                            = 1                                         {product} {ergonomic}
     uint G1ConcRefinementThreads                  = 4                                         {product} {ergonomic}
   size_t G1HeapRegionSize                         = 1048576                                   {product} {ergonomic}
    uintx GCDrainStackTargetSize                   = 64                                        {product} {ergonomic}
   size_t InitialHeapSize                          = 132120576                                 {product} {ergonomic}
   size_t MarkStackSize                            = 4194304                                   {product} {ergonomic}
   size_t MaxHeapSize                              = 2113929216                                {product} {ergonomic}
   size_t MaxNewSize                               = 1267728384                                {product} {ergonomic}
   size_t MinHeapDeltaBytes                        = 1048576                                   {product} {ergonomic}
   size_t MinHeapSize                              = 8388608                                   {product} {ergonomic}
    uintx NonNMethodCodeHeapSize                   = 5832780                                {pd product} {ergonomic}
    uintx NonProfiledCodeHeapSize                  = 122912730                              {pd product} {ergonomic}
    uintx ProfiledCodeHeapSize                     = 122912730                              {pd product} {ergonomic}
    uintx ReservedCodeCacheSize                    = 251658240                              {pd product} {ergonomic}
     bool SegmentedCodeCache                       = true                                      {product} {ergonomic}
     bool ShowCodeDetailsInExceptionMessages       = true                                   {manageable} {command line}
   size_t SoftMaxHeapSize                          = 2113929216                             {manageable} {ergonomic}
     bool UseCompressedClassPointers               = true                           {product lp64_product} {ergonomic}
     bool UseCompressedOops                        = true                           {product lp64_product} {ergonomic}
     bool UseG1GC                                  = true                                      {product} {ergonomic}
     bool UseLargePagesIndividualAllocation        = false                                  {pd product} {ergonomic}

Logging:
Log output configuration:
 #0: stdout all=warning uptime,level,tags
 #1: stderr all=off uptime,level,tags

Environment Variables:
PATH=C:/Users/Shital/.p2/pool/plugins/org.eclipse.justj.openjdk.hotspot.jre.full.win32.x86_64_17.0.1.v20211116-1657/jre/bin/server;C:/Users/Shital/.p2/pool/plugins/org.eclipse.justj.openjdk.hotspot.jre.full.win32.x86_64_17.0.1.v20211116-1657/jre/bin;C:\Program Files (x86)\Common Files\Oracle\Java\javapath;C:\WINDOWS\system32;C:\WINDOWS;C:\WINDOWS\System32\Wbem;C:\WINDOWS\System32\WindowsPowerShell\v1.0\;C:\WINDOWS\System32\OpenSSH\;C:\Program Files\Java\jdk1.8.0_311\bin;%USERPROFILE%\AppData\Local\Microsoft\WindowsApps;;C:\WINDOWS\System32;
USERNAME=Shital
OS=Windows_NT
PROCESSOR_IDENTIFIER=Intel64 Family 6 Model 142 Stepping 9, GenuineIntel



---------------  S Y S T E M  ---------------

OS:
 Windows 10 , 64 bit Build 19041 (10.0.19041.546)
OS uptime: 0 days 20:18 hours

CPU: total 4 (initial active 4) (2 cores per cpu, 2 threads per core) family 6 model 142 stepping 9 microcode 0xd6, cx8, cmov, fxsr, ht, mmx, 3dnowpref, sse, sse2, sse3, ssse3, sse4.1, sse4.2, popcnt, lzcnt, tsc, tscinvbit, avx, avx2, aes, erms, clmul, bmi1, bmi2, adx, fma, vzeroupper, clflush, clflushopt

Memory: 4k page, system-wide physical 8057M (555M free)
TotalPageFile size 32633M (AvailPageFile size 0M)
current process WorkingSet (physical memory assigned to process): 71M, peak: 71M
current process commit charge ("private bytes"): 215M, peak: 215M

vm_info: OpenJDK 64-Bit Server VM (17.0.1+12) for windows-amd64 JRE (17.0.1+12), built on Oct 20 2021 07:42:55 by "" with MS VC++ 16.7 (VS2019)

END.
